Start auto log messages stack - Iteration 2.	[MsgId: MMSG-10545]
Starting action Action.	[MsgId: MMSG-15919]
Action.c(6): Error: TE_connect failed after 1 tries. Trying to reconnect.
Reason: .
During connection of comm-type = tn3270;host-name = localhost;use-tn3270e-protocol = true;security-type = unsecured;r2l-screen = false;lu-name = ;terminal-type = 3270 display;terminal-model = 3278-2-e (24x80);login-command-file = ;terminal-setup-file = ;.	[MsgId: MERR-17999]
End auto log messages stack.	[MsgId: MMSG-10544]


Start auto log messages stack - Iteration 2.	[MsgId: MMSG-10545]
Starting action Action.	[MsgId: MMSG-15919]
Action.c(6): Error: TE_connect failed after 1 tries. Trying to reconnect.
Reason: .
During connection of comm-type = tn3270;host-name = localhost;use-tn3270e-protocol = true;security-type = unsecured;r2l-screen = false;lu-name = ;terminal-type = 3270 display;terminal-model = 3278-2-e (24x80);login-command-file = ;terminal-setup-file = ;.	[MsgId: MERR-17999]
End auto log messages stack.	[MsgId: MMSG-10544]


Start auto log messages stack - Iteration 2.	[MsgId: MMSG-10545]
Starting action Action.	[MsgId: MMSG-15919]
Action.c(6): Error: TE_connect failed after 1 tries. Trying to reconnect.
Reason: .
During connection of comm-type = tn3270;host-name = localhost;use-tn3270e-protocol = true;security-type = unsecured;r2l-screen = false;lu-name = ;terminal-type = 3270 display;terminal-model = 3278-2-e (24x80);login-command-file = ;terminal-setup-file = ;.	[MsgId: MERR-17999]
End auto log messages stack.	[MsgId: MMSG-10544]


Start auto log messages stack - Iteration 2.	[MsgId: MMSG-10545]
Starting action Action.	[MsgId: MMSG-15919]
Action.c(6): Error: TE_connect failed after 1 tries. Trying to reconnect.
Reason: .
During connection of comm-type = tn3270;host-name = localhost;use-tn3270e-protocol = true;security-type = unsecured;r2l-screen = false;lu-name = ;terminal-type = 3270 display;terminal-model = 3278-2-e (24x80);login-command-file = ;terminal-setup-file = ;.	[MsgId: MERR-17999]
End auto log messages stack.	[MsgId: MMSG-10544]


